Using pre-set license
Built from '2020.3/release' branch; Version is '2020.3.1f1 (77a89f25062f) revision 7841951'; Using compiler version '192528614'; Build Type 'Release'
OS: 'Windows 10 Pro; OS build 19042.928; Version 2009; 64bit' Language: 'en' Physical Memory: 16335 MB
BatchMode: 1, IsHumanControllingUs: 0, StartBugReporterOnCrash: 0, Is64bit: 1, IsPro: 0

 COMMAND LINE ARGUMENTS:
C:\Program Files\Unity\Hub\Editor\2020.3.1f1\Editor\Unity.exe
-adb2
-batchMode
-noUpm
-name
AssetImportWorker0
-projectPath
C:/Users/Dylan/Desktop/Rothrock
-logFile
Logs/AssetImportWorker0.log
-srvPort
54355
Successfully changed project path to: C:/Users/Dylan/Desktop/Rothrock
C:/Users/Dylan/Desktop/Rothrock
Using Asset Import Pipeline V2.
Refreshing native plugins compatible for Editor in 30.06 ms, found 0 plugins.
Preloading 0 native plugins for Editor in 0.00 ms.
Initialize engine version: 2020.3.1f1 (77a89f25062f)
[Subsystems] Discovering subsystems at path C:/Program Files/Unity/Hub/Editor/2020.3.1f1/Editor/Data/Resources/UnitySubsystems
[Subsystems] Discovering subsystems at path C:/Users/Dylan/Desktop/Rothrock/Assets
GfxDevice: creating device client; threaded=0
Direct3D:
    Version:  Direct3D 11.0 [level 11.1]
    Renderer: NVIDIA GeForce GTX 1060 3GB (ID=0x1c02)
    Vendor:   
    VRAM:     2988 MB
    Driver:   27.21.14.5671
Initialize mono
Mono path[0] = 'C:/Program Files/Unity/Hub/Editor/2020.3.1f1/Editor/Data/Managed'
Mono path[1] = 'C:/Program Files/Unity/Hub/Editor/2020.3.1f1/Editor/Data/MonoBleedingEdge/lib/mono/unityjit'
Mono config path = 'C:/Program Files/Unity/Hub/Editor/2020.3.1f1/Editor/Data/MonoBleedingEdge/etc'
Using monoOptions --debugger-agent=transport=dt_socket,embedding=1,server=y,suspend=n,address=127.0.0.1:56012
Begin MonoManager ReloadAssembly
Registering precompiled unity dll's ...
Register platform support module: C:/Program Files/Unity/Hub/Editor/2020.3.1f1/Editor/Data/PlaybackEngines/WindowsStandaloneSupport/UnityEditor.WindowsStandalone.Extensions.dll
Registered in 0.004001 seconds.
Native extension for WindowsStandalone target not found
Refreshing native plugins compatible for Editor in 29.16 ms, found 0 plugins.
Preloading 0 native plugins for Editor in 0.00 ms.
Invoked RoslynAnalysisRunner static constructor.
RoslynAnalysisRunner will not be running.
RoslynAnalysisRunner has terminated.
Mono: successfully reloaded assembly
- Completed reload, in  1.589 seconds
Platform modules already initialized, skipping
Registering precompiled user dll's ...
Registered in 0.001032 seconds.
Begin MonoManager ReloadAssembly
Native extension for WindowsStandalone target not found
Refreshing native plugins compatible for Editor in 0.27 ms, found 0 plugins.
Preloading 0 native plugins for Editor in 0.00 ms.
Invoked RoslynAnalysisRunner static constructor.
RoslynAnalysisRunner will not be running.
RoslynAnalysisRunner has terminated.
Mono: successfully reloaded assembly
- Completed reload, in  1.080 seconds
Platform modules already initialized, skipping
========================================================================
Worker process is ready to serve import requests
Launched and connected shader compiler UnityShaderCompiler.exe after 0.06 seconds
Refreshing native plugins compatible for Editor in 0.27 ms, found 0 plugins.
Preloading 0 native plugins for Editor in 0.00 ms.
Unloading 1136 Unused Serialized files (Serialized files now loaded: 0)
System memory in use before: 59.1 MB.
System memory in use after: 59.2 MB.

Unloading 10 unused Assets to reduce memory usage. Loaded Objects now: 1579.
Total: 2.372700 ms (FindLiveObjects: 0.252400 ms CreateObjectMapping: 0.050300 ms MarkObjects: 1.954700 ms  DeleteObjects: 0.113400 ms)

========================================================================
Received Import Request.
  path: Assets/Scripts/InteractSystem.cs
  artifactKey: Guid(712bde163e16e834ab64721e0a5fd39d) Importer(815301076,1909f56bfc062723c751e8b465ee728b)
Start importing Assets/Scripts/InteractSystem.cs using Guid(712bde163e16e834ab64721e0a5fd39d) Importer(815301076,1909f56bfc062723c751e8b465ee728b)  -> (artifact id: 'dddc6b151f48b8fcb6b8f359318156c1') in 0.028136 seconds
  Import took 0.030629 seconds .

========================================================================
Received Import Request.
  Time since last request: 27.360187 seconds.
  path: ProjectSettings/TagManager.asset
  artifactKey: Guid(00000000000000003000000000000000) Importer(815301076,1909f56bfc062723c751e8b465ee728b)
Start importing ProjectSettings/TagManager.asset using Guid(00000000000000003000000000000000) Importer(815301076,1909f56bfc062723c751e8b465ee728b)  -> (artifact id: 'b42ee7eccda0422705f778b14bb20055') in 0.037056 seconds
  Import took 0.039554 seconds .

========================================================================
Received Import Request.
  Time since last request: 106.087819 seconds.
  path: Assets/Materials/GroundMaterial.mat
  artifactKey: Guid(7fb2ac700c5b1d24db50778649f55393) Importer(815301076,1909f56bfc062723c751e8b465ee728b)
Start importing Assets/Materials/GroundMaterial.mat using Guid(7fb2ac700c5b1d24db50778649f55393) Importer(815301076,1909f56bfc062723c751e8b465ee728b)  -> (artifact id: '742e5ea3074e61d34ba2d9405b68c361') in 0.118072 seconds
  Import took 0.120743 seconds .

========================================================================
Received Import Request.
  Time since last request: 0.000227 seconds.
  path: Assets/Materials/Gun.mat
  artifactKey: Guid(9fdb3948d1d91e145a28fe7b6a4cdafe) Importer(815301076,1909f56bfc062723c751e8b465ee728b)
Start importing Assets/Materials/Gun.mat using Guid(9fdb3948d1d91e145a28fe7b6a4cdafe) Importer(815301076,1909f56bfc062723c751e8b465ee728b)  -> (artifact id: 'ed2aa0ac1b29382157ae9781dfcf26de') in 0.095800 seconds
  Import took 0.098051 seconds .

========================================================================
Received Import Request.
  Time since last request: 0.000219 seconds.
  path: Assets/Materials/PickupTest.mat
  artifactKey: Guid(c3b00158dc747c147bf32dc56afb76de) Importer(815301076,1909f56bfc062723c751e8b465ee728b)
Start importing Assets/Materials/PickupTest.mat using Guid(c3b00158dc747c147bf32dc56afb76de) Importer(815301076,1909f56bfc062723c751e8b465ee728b)  -> (artifact id: 'b821e23b509441fcc3d2402fbd11a277') in 0.064805 seconds
  Import took 0.067113 seconds .

========================================================================
Received Import Request.
  Time since last request: 0.000231 seconds.
  path: Assets/Materials/PlayerMaterial.mat
  artifactKey: Guid(82414ef5c4b956f45aef47819eb132c9) Importer(815301076,1909f56bfc062723c751e8b465ee728b)
Start importing Assets/Materials/PlayerMaterial.mat using Guid(82414ef5c4b956f45aef47819eb132c9) Importer(815301076,1909f56bfc062723c751e8b465ee728b)  -> (artifact id: '367942250b61d85186f6f9d8b649699d') in 0.032997 seconds
  Import took 0.035329 seconds .

========================================================================
Received Import Request.
  Time since last request: 0.000219 seconds.
  path: Assets/Materials/Sights.mat
  artifactKey: Guid(207d0c00b52acdc4eb6b58d76dcca68a) Importer(815301076,1909f56bfc062723c751e8b465ee728b)
Start importing Assets/Materials/Sights.mat using Guid(207d0c00b52acdc4eb6b58d76dcca68a) Importer(815301076,1909f56bfc062723c751e8b465ee728b)  -> (artifact id: '1cf724bc3e113d7f3987ac2d8752f05a') in 0.050843 seconds
  Import took 0.053060 seconds .

========================================================================
Received Prepare
Registering precompiled user dll's ...
Registered in 0.000951 seconds.
Begin MonoManager ReloadAssembly
Native extension for WindowsStandalone target not found
Refreshing native plugins compatible for Editor in 0.26 ms, found 0 plugins.
Preloading 0 native plugins for Editor in 0.00 ms.
Invoked RoslynAnalysisRunner static constructor.
RoslynAnalysisRunner will not be running.
RoslynAnalysisRunner has terminated.
Mono: successfully reloaded assembly
- Completed reload, in  1.000 seconds
Platform modules already initialized, skipping
Refreshing native plugins compatible for Editor in 0.26 ms, found 0 plugins.
Preloading 0 native plugins for Editor in 0.00 ms.
Unloading 1118 Unused Serialized files (Serialized files now loaded: 0)
System memory in use before: 61.4 MB.
System memory in use after: 61.5 MB.

Unloading 6 unused Assets to reduce memory usage. Loaded Objects now: 1622.
Total: 2.217200 ms (FindLiveObjects: 0.190200 ms CreateObjectMapping: 0.039300 ms MarkObjects: 1.916900 ms  DeleteObjects: 0.069300 ms)

========================================================================
Received Import Request.
  Time since last request: 73.106728 seconds.
  path: Assets/Scripts/PickupController.cs
  artifactKey: Guid(e6c08510652b81346b04bfbe1732bd08) Importer(815301076,1909f56bfc062723c751e8b465ee728b)
Start importing Assets/Scripts/PickupController.cs using Guid(e6c08510652b81346b04bfbe1732bd08) Importer(815301076,1909f56bfc062723c751e8b465ee728b)  -> (artifact id: 'e5670c6eaf640a6b05a188121703781c') in 0.014692 seconds
  Import took 0.017094 seconds .

AssetImportWorkerClient::OnTransportError - code=2 error=End of file
